#
# There is insufficient memory for the Java Runtime Environment to continue.
# Native memory allocation (mmap) failed to map 123731968 bytes. Error detail: G1 virtual space
# Possible reasons:
#   The system is out of physical RAM or swap space
#   This process is running with CompressedOops enabled, and the Java Heap may be blocking the growth of the native heap
# Possible solutions:
#   Reduce memory load on the system
#   Increase physical memory or swap space
#   Check if swap backing store is full
#   Decrease Java heap size (-Xmx/-Xms)
#   Decrease number of Java threads
#   Decrease Java thread stack sizes (-Xss)
#   Set larger code cache with -XX:ReservedCodeCacheSize=
#   JVM is running with Unscaled Compressed Oops mode in which the Java heap is
#     placed in the first 4GB address space. The Java Heap base address is the
#     maximum limit for the native heap growth. Please use -XX:HeapBaseMinAddress
#     to set the Java Heap base and to place the Java Heap above 4GB virtual address.
# This output file may be truncated or incomplete.
#
#  Out of Memory Error (os_windows.cpp:3618), pid=24412, tid=23488
#
# JRE version:  (17.0.16+8) (build )
# Java VM: OpenJDK 64-Bit Server VM (17.0.16+8, mixed mode, sharing, tiered, compressed oops, compressed class ptrs, g1 gc, windows-amd64)
# No core dump will be written. Minidumps are not enabled by default on client versions of Windows
#

---------------  S U M M A R Y ------------

Command Line: -Dfile.encoding=UTF-8 -Ddb2.jcc.charsetDecoderEncoder=3 com.ibm.db2.server.DssLauncher 3000 off c:\Users\hp\AppData\Roaming\Code\logs\20260226T013600\window1\exthost\IBM.db2forzosdeveloperextension -Xmx256M

Host: AMD Ryzen 7 5700U with Radeon Graphics         , 16 cores, 7G,  Windows 11 , 64 bit Build 26100 (10.0.26100.7705)
Time: Thu Feb 26 13:16:02 2026 SE Asia Standard Time elapsed time: 0.050172 seconds (0d 0h 0m 0s)

---------------  T H R E A D  ---------------

Current thread (0x0000018f133b6940):  JavaThread "Unknown thread" [_thread_in_vm, id=23488, stack(0x00000041dde00000,0x00000041ddf00000)]

Stack: [0x00000041dde00000,0x00000041ddf00000]
Native frames: (J=compiled Java code, j=interpreted, Vv=VM code, C=native code)
V  [jvm.dll+0x683169]
V  [jvm.dll+0x839ac8]
V  [jvm.dll+0x83b573]
V  [jvm.dll+0x83bbe3]
V  [jvm.dll+0x2473ff]
V  [jvm.dll+0x67ff49]
V  [jvm.dll+0x674e3a]
V  [jvm.dll+0x304ea6]
V  [jvm.dll+0x30c366]
V  [jvm.dll+0x35deee]
V  [jvm.dll+0x35e12d]
V  [jvm.dll+0x2dc26c]
V  [jvm.dll+0x2dd184]
V  [jvm.dll+0x80ba1b]
V  [jvm.dll+0x36b921]
V  [jvm.dll+0x7ea5df]
V  [jvm.dll+0x3f24fe]
V  [jvm.dll+0x3f4031]
C  [jli.dll+0x5278]
C  [ucrtbase.dll+0x37b0]
C  [KERNEL32.DLL+0x2e8d7]
C  [ntdll.dll+0x8c40c]


---------------  P R O C E S S  ---------------

Threads class SMR info:
_java_thread_list=0x00007ffb98807f58, length=0, elements={
}

Java Threads: ( => current thread )

Other Threads:
  0x0000018f13410140 GCTaskThread "GC Thread#0" [stack: 0x00000041ddf00000,0x00000041de000000] [id=16464]
  0x0000018f1341fb10 ConcurrentGCThread "G1 Main Marker" [stack: 0x00000041de000000,0x00000041de100000] [id=22588]
  0x0000018f13420530 ConcurrentGCThread "G1 Conc#0" [stack: 0x00000041de100000,0x00000041de200000] [id=16176]

[error occurred during error reporting (printing all threads), id 0xc0000005, EXCEPTION_ACCESS_VIOLATION (0xc0000005) at pc=0x00007ffb97fbcd97]

VM state: not at safepoint (not fully initialized)

VM Mutex/Monitor currently owned by a thread:  ([mutex/lock_event])
[0x0000018f133b1510] Heap_lock - owner thread: 0x0000018f133b6940

Heap address: 0x000000008ac00000, size: 1876 MB, Compressed Oops mode: 32-bit

CDS archive(s) mapped at: [0x0000000000000000-0x0000000000000000-0x0000000000000000), size 0, SharedBaseAddress: 0x0000000800000000, ArchiveRelocationMode: 1.
Narrow klass base: 0x0000000000000000, Narrow klass shift: 0, Narrow klass range: 0x0

GC Precious Log:
<Empty>

Heap:
 garbage-first heap   total 0K, used 0K [0x000000008ac00000, 0x0000000100000000)
  region size 1024K, 0 young (0K), 0 survivors (0K)

[error occurred during error reporting (printing heap information), id 0xc0000005, EXCEPTION_ACCESS_VIOLATION (0xc0000005) at pc=0x00007ffb983ac869]

GC Heap History (0 events):
No events

Dll operation events (1 events):
Event: 0.029 Loaded shared library C:\Program Files\Eclipse Adoptium\jdk-17.0.16.8-hotspot\bin\java.dll

Deoptimization events (0 events):
No events

Classes loaded (0 events):
No events

Classes unloaded (0 events):
No events

Classes redefined (0 events):
No events

Internal exceptions (0 events):
No events

VM Operations (0 events):
No events

Memory protections (0 events):
No events

Nmethod flushes (0 events):
No events

Events (0 events):
No events


Dynamic libraries:
0x00007ff62dbe0000 - 0x00007ff62dbee000 	C:\Program Files\Eclipse Adoptium\jdk-17.0.16.8-hotspot\bin\java.exe
0x00007ffc6f2c0000 - 0x00007ffc6f528000 	C:\WINDOWS\SYSTEM32\ntdll.dll
0x00007ffc6dec0000 - 0x00007ffc6df89000 	C:\WINDOWS\System32\KERNEL32.DLL
0x00007ffc6bba0000 - 0x00007ffc6bf91000 	C:\WINDOWS\System32\KERNELBASE.dll
0x00007ffc6ce50000 - 0x00007ffc6cf9b000 	C:\WINDOWS\System32\ucrtbase.dll
0x00007ffc563f0000 - 0x00007ffc56407000 	C:\Program Files\Eclipse Adoptium\jdk-17.0.16.8-hotspot\bin\jli.dll
0x00007ffc56340000 - 0x00007ffc5635e000 	C:\Program Files\Eclipse Adoptium\jdk-17.0.16.8-hotspot\bin\VCRUNTIME140.dll
0x00007ffc6f0b0000 - 0x00007ffc6f276000 	C:\WINDOWS\System32\USER32.dll
0x00007ffc6c0d0000 - 0x00007ffc6c0f7000 	C:\WINDOWS\System32\win32u.dll
0x00007ffc6ef80000 - 0x00007ffc6efab000 	C:\WINDOWS\System32\GDI32.dll
0x00007ffc6bfa0000 - 0x00007ffc6c0cb000 	C:\WINDOWS\System32\gdi32full.dll
0x00007ffc6c530000 - 0x00007ffc6c5d3000 	C:\WINDOWS\System32\msvcp_win.dll
0x00007ffc51320000 - 0x00007ffc515b3000 	C:\WINDOWS\WinSxS\amd64_microsoft.windows.common-controls_6595b64144ccf1df_6.0.26100.7824_none_3e0870b2e3345462\COMCTL32.dll
0x00007ffc6d5b0000 - 0x00007ffc6d659000 	C:\WINDOWS\System32\msvcrt.dll
0x00007ffc6d4f0000 - 0x00007ffc6d521000 	C:\WINDOWS\System32\IMM32.DLL
0x00007ffc637e0000 - 0x00007ffc637ec000 	C:\Program Files\Eclipse Adoptium\jdk-17.0.16.8-hotspot\bin\vcruntime140_1.dll
0x00007ffc1bf00000 - 0x00007ffc1bf8d000 	C:\Program Files\Eclipse Adoptium\jdk-17.0.16.8-hotspot\bin\msvcp140.dll
0x00007ffb97cd0000 - 0x00007ffb9893b000 	C:\Program Files\Eclipse Adoptium\jdk-17.0.16.8-hotspot\bin\server\jvm.dll
0x00007ffc6d830000 - 0x00007ffc6d8e4000 	C:\WINDOWS\System32\ADVAPI32.dll
0x00007ffc6d770000 - 0x00007ffc6d816000 	C:\WINDOWS\System32\sechost.dll
0x00007ffc6dd80000 - 0x00007ffc6de98000 	C:\WINDOWS\System32\RPCRT4.dll
0x00007ffc6ecc0000 - 0x00007ffc6ed34000 	C:\WINDOWS\System32\WS2_32.dll
0x00007ffc6b850000 - 0x00007ffc6b8ae000 	C:\WINDOWS\SYSTEM32\POWRPROF.dll
0x00007ffc63370000 - 0x00007ffc633a5000 	C:\WINDOWS\SYSTEM32\WINMM.dll
0x00007ffc64ab0000 - 0x00007ffc64abb000 	C:\WINDOWS\SYSTEM32\VERSION.dll
0x00007ffc6b830000 - 0x00007ffc6b844000 	C:\WINDOWS\SYSTEM32\UMPDC.dll
0x00007ffc6a940000 - 0x00007ffc6a95b000 	C:\WINDOWS\SYSTEM32\kernel.appcore.dll
0x00007ffc60fa0000 - 0x00007ffc60faa000 	C:\Program Files\Eclipse Adoptium\jdk-17.0.16.8-hotspot\bin\jimage.dll
0x00007ffc5f750000 - 0x00007ffc5f992000 	C:\WINDOWS\SYSTEM32\DBGHELP.DLL
0x00007ffc6d8f0000 - 0x00007ffc6dc76000 	C:\WINDOWS\System32\combase.dll
0x00007ffc6e480000 - 0x00007ffc6e557000 	C:\WINDOWS\System32\OLEAUT32.dll
0x00007ffc50430000 - 0x00007ffc5046b000 	C:\WINDOWS\SYSTEM32\dbgcore.DLL
0x00007ffc6c100000 - 0x00007ffc6c1a5000 	C:\WINDOWS\System32\bcryptPrimitives.dll
0x00007ffc360b0000 - 0x00007ffc360d5000 	C:\Program Files\Eclipse Adoptium\jdk-17.0.16.8-hotspot\bin\java.dll

dbghelp: loaded successfully - version: 4.0.5 - missing functions: none
symbol engine: initialized successfully - sym options: 0x614 - pdb path: .;C:\Program Files\Eclipse Adoptium\jdk-17.0.16.8-hotspot\bin;C:\WINDOWS\SYSTEM32;C:\WINDOWS\WinSxS\amd64_microsoft.windows.common-controls_6595b64144ccf1df_6.0.26100.7824_none_3e0870b2e3345462;C:\Program Files\Eclipse Adoptium\jdk-17.0.16.8-hotspot\bin\server

VM Arguments:
jvm_args: -Dfile.encoding=UTF-8 -Ddb2.jcc.charsetDecoderEncoder=3 
java_command: com.ibm.db2.server.DssLauncher 3000 off c:\Users\hp\AppData\Roaming\Code\logs\20260226T013600\window1\exthost\IBM.db2forzosdeveloperextension -Xmx256M
java_class_path (initial): c:\Users\hp\.vscode\extensions\ibm.db2forzosdeveloperextension-2.2.4\dist\dss-dist-1-SNAPSHOT.jar;;c:\Users\hp\.vscode\extensions\ibm.db2forzosdeveloperextension-2.2.4\lib\db2jcc4.jar;c:\Users\hp\.vscode\extensions\ibm.db2forzosdeveloperextension-2.2.4\lib\sqlj4.zip
Launcher Type: SUN_STANDARD

[Global flags]
     intx CICompilerCount                          = 12                                        {product} {ergonomic}
     uint ConcGCThreads                            = 3                                         {product} {ergonomic}
     uint G1ConcRefinementThreads                  = 13                                        {product} {ergonomic}
   size_t G1HeapRegionSize                         = 1048576                                   {product} {ergonomic}
    uintx GCDrainStackTargetSize                   = 64                                        {product} {ergonomic}
   size_t InitialHeapSize                          = 123731968                                 {product} {ergonomic}
   size_t MarkStackSize                            = 4194304                                   {product} {ergonomic}
   size_t MaxHeapSize                              = 1967128576                                {product} {ergonomic}
   size_t MinHeapDeltaBytes                        = 1048576                                   {product} {ergonomic}
   size_t MinHeapSize                              = 8388608                                   {product} {ergonomic}
    uintx NonNMethodCodeHeapSize                   = 7602480                                {pd product} {ergonomic}
    uintx NonProfiledCodeHeapSize                  = 122027880                              {pd product} {ergonomic}
    uintx ProfiledCodeHeapSize                     = 122027880                              {pd product} {ergonomic}
    uintx ReservedCodeCacheSize                    = 251658240                              {pd product} {ergonomic}
     bool SegmentedCodeCache                       = true                                      {product} {ergonomic}
   size_t SoftMaxHeapSize                          = 1967128576                             {manageable} {ergonomic}
     bool UseCompressedClassPointers               = true                           {product lp64_product} {ergonomic}
     bool UseCompressedOops                        = true                           {product lp64_product} {ergonomic}
     bool UseG1GC                                  = true                                      {product} {ergonomic}
     bool UseLargePagesIndividualAllocation        = false                                  {pd product} {ergonomic}

Logging:
Log output configuration:
 #0: stdout all=warning uptime,level,tags
 #1: stderr all=off uptime,level,tags

Environment Variables:
JAVA_HOME=C:\Program Files\Eclipse Adoptium\jdk-17.0.16.8-hotspot
PATH=D:\VMWare\VMWare Workstation\bin\;C:\Program Files\Eclipse Adoptium\jdk-17.0.16.8-hotspot\bin;C:\Program Files (x86)\Common Files\Oracle\Java\java8path;C:\Program Files (x86)\Common Files\Oracle\Java\javapath;C:\WINDOWS\system32;C:\WINDOWS;C:\WINDOWS\System32\Wbem;C:\WINDOWS\System32\WindowsPowerShell\v1.0\;C:\WINDOWS\System32\OpenSSH\;C:\Program Files\Git\cmd;C:\Program Files\Go\bin;C:\Program Files\nodejs\;C:\Program Files\Docker\Docker\resources\bin;C:\Users\hp\AppData\Local\Programs\Python\Python312\Scripts\;C:\Users\hp\AppData\Local\Programs\Python\Python312\;C:\flutter\bin;C:\Users\hp\AppData\Local\Programs\Python\Launcher\;C:\Users\hp\AppData\Local\Microsoft\WindowsApps;D:\Microsoft VS Code\bin;C:\Users\hp\AppData\Local\Pub\Cache\bin;C:\Program Files\PostgreSQL\17\bin;C:\xampp\php;C:\Users\hp\go\bin;C:\ffmpeg\bin;C:\Users\hp\AppData\Local\Android\sdk\platform-tools;C:\Users\hp\AppData\Roaming\npm;C:\Users\hp\bin;
USERNAME=hp
OS=Windows_NT
PROCESSOR_IDENTIFIER=AMD64 Family 23 Model 104 Stepping 1, AuthenticAMD
TMP=C:\Users\hp\AppData\Local\Temp
TEMP=C:\Users\hp\AppData\Local\Temp



Periodic native trim disabled


---------------  S Y S T E M  ---------------

OS:
 Windows 11 , 64 bit Build 26100 (10.0.26100.7705)
OS uptime: 0 days 11:43 hours
Hyper-V role detected

CPU: total 16 (initial active 16) (16 cores per cpu, 2 threads per core) family 23 model 104 stepping 1 microcode 0x8608104, cx8, cmov, fxsr, ht, mmx, 3dnowpref, sse, sse2, sse3, ssse3, sse4a, sse4.1, sse4.2, popcnt, lzcnt, tsc, tscinvbit, avx, avx2, aes, clmul, bmi1, bmi2, adx, sha, fma, vzeroupper, clflush, clflushopt, hv
Processor Information for all 16 processors :
  Max Mhz: 1801, Current Mhz: 1801, Mhz Limit: 1801

Memory: 4k page, system-wide physical 7501M (1027M free)
TotalPageFile size 17375M (AvailPageFile size 116M)
current process WorkingSet (physical memory assigned to process): 12M, peak: 12M
current process commit charge ("private bytes"): 71M, peak: 189M

vm_info: OpenJDK 64-Bit Server VM (17.0.16+8) for windows-amd64 JRE (17.0.16+8), built on Jul 16 2025 10:37:56 by "admin" with MS VC++ 17.7 (VS2022)

END.
